{"C:\\Users\\user\\Desktop\\todo-react\\src\\App.tsx": {"path":"C:\\Users\\user\\Desktop\\todo-react\\src\\App.tsx","statementMap":{"0":{"start":{"line":1,"column":0},"end":{"line":1,"column":43}},"1":{"start":{"line":2,"column":0},"end":{"line":2,"column":33}},"2":{"start":{"line":3,"column":0},"end":{"line":3,"column":29}},"3":{"start":{"line":11,"column":27},"end":{"line":11,"column":48}},"4":{"start":{"line":12,"column":25},"end":{"line":12,"column":37}},"5":{"start":{"line":14,"column":1},"end":{"line":21,"column":null}},"6":{"start":{"line":15,"column":2},"end":{"line":20,"column":3}},"7":{"start":{"line":16,"column":23},"end":{"line":16,"column":52}},"8":{"start":{"line":17,"column":3},"end":{"line":19,"column":4}},"9":{"start":{"line":18,"column":4},"end":{"line":18,"column":null}},"10":{"start":{"line":23,"column":20},"end":{"line":30,"column":2}},"11":{"start":{"line":24,"column":2},"end":{"line":28,"column":null}},"12":{"start":{"line":25,"column":24},"end":{"line":25,"column":62}},"13":{"start":{"line":26,"column":3},"end":{"line":26,"column":null}},"14":{"start":{"line":27,"column":3},"end":{"line":27,"column":null}},"15":{"start":{"line":29,"column":2},"end":{"line":29,"column":null}},"16":{"start":{"line":32,"column":20},"end":{"line":38,"column":2}},"17":{"start":{"line":33,"column":2},"end":{"line":37,"column":null}},"18":{"start":{"line":34,"column":24},"end":{"line":34,"column":56}},"19":{"start":{"line":34,"column":47},"end":{"line":34,"column":55}},"20":{"start":{"line":35,"column":3},"end":{"line":35,"column":null}},"21":{"start":{"line":36,"column":3},"end":{"line":36,"column":null}},"22":{"start":{"line":40,"column":24},"end":{"line":48,"column":2}},"23":{"start":{"line":41,"column":2},"end":{"line":47,"column":null}},"24":{"start":{"line":42,"column":24},"end":{"line":43,"column":null}},"25":{"start":{"line":43,"column":4},"end":{"line":43,"column":52}},"26":{"start":{"line":45,"column":3},"end":{"line":45,"column":null}},"27":{"start":{"line":46,"column":3},"end":{"line":46,"column":null}},"28":{"start":{"line":50,"column":24},"end":{"line":56,"column":2}},"29":{"start":{"line":51,"column":2},"end":{"line":55,"column":null}},"30":{"start":{"line":52,"column":24},"end":{"line":52,"column":63}},"31":{"start":{"line":52,"column":44},"end":{"line":52,"column":62}},"32":{"start":{"line":53,"column":3},"end":{"line":53,"column":null}},"33":{"start":{"line":54,"column":3},"end":{"line":54,"column":null}},"34":{"start":{"line":58,"column":1},"end":{"line":98,"column":null}},"35":{"start":{"line":65,"column":6},"end":{"line":66,"column":null}},"36":{"start":{"line":82,"column":20},"end":{"line":82,"column":43}},"37":{"start":{"line":101,"column":0},"end":{"line":101,"column":null}}},"fnMap":{"0":{"name":"App","decl":{"start":{"line":10,"column":9},"end":{"line":10,"column":12}},"loc":{"start":{"line":10,"column":12},"end":{"line":99,"column":1}}},"1":{"name":"(anonymous_2)","decl":{"start":{"line":14,"column":11},"end":{"line":14,"column":14}},"loc":{"start":{"line":14,"column":16},"end":{"line":21,"column":2}}},"2":{"name":"(anonymous_3)","decl":{"start":{"line":23,"column":20},"end":{"line":23,"column":23}},"loc":{"start":{"line":23,"column":25},"end":{"line":30,"column":2}}},"3":{"name":"(anonymous_4)","decl":{"start":{"line":24,"column":11},"end":{"line":24,"column":15}},"loc":{"start":{"line":24,"column":18},"end":{"line":28,"column":3}}},"4":{"name":"(anonymous_5)","decl":{"start":{"line":32,"column":20},"end":{"line":32,"column":21}},"loc":{"start":{"line":32,"column":34},"end":{"line":38,"column":2}}},"5":{"name":"(anonymous_6)","decl":{"start":{"line":33,"column":11},"end":{"line":33,"column":15}},"loc":{"start":{"line":33,"column":18},"end":{"line":37,"column":3}}},"6":{"name":"(anonymous_7)","decl":{"start":{"line":34,"column":36},"end":{"line":34,"column":37}},"loc":{"start":{"line":34,"column":47},"end":{"line":34,"column":55}}},"7":{"name":"(anonymous_8)","decl":{"start":{"line":40,"column":24},"end":{"line":40,"column":25}},"loc":{"start":{"line":40,"column":38},"end":{"line":48,"column":2}}},"8":{"name":"(anonymous_9)","decl":{"start":{"line":41,"column":11},"end":{"line":41,"column":15}},"loc":{"start":{"line":41,"column":18},"end":{"line":47,"column":3}}},"9":{"name":"(anonymous_10)","decl":{"start":{"line":42,"column":33},"end":{"line":42,"column":34}},"loc":{"start":{"line":43,"column":4},"end":{"line":43,"column":52}}},"10":{"name":"(anonymous_11)","decl":{"start":{"line":50,"column":24},"end":{"line":50,"column":27}},"loc":{"start":{"line":50,"column":29},"end":{"line":56,"column":2}}},"11":{"name":"(anonymous_12)","decl":{"start":{"line":51,"column":11},"end":{"line":51,"column":15}},"loc":{"start":{"line":51,"column":18},"end":{"line":55,"column":3}}},"12":{"name":"(anonymous_13)","decl":{"start":{"line":52,"column":36},"end":{"line":52,"column":40}},"loc":{"start":{"line":52,"column":44},"end":{"line":52,"column":62}}},"13":{"name":"(anonymous_14)","decl":{"start":{"line":64,"column":15},"end":{"line":64,"column":16}},"loc":{"start":{"line":65,"column":6},"end":{"line":66,"column":null}}},"14":{"name":"(anonymous_15)","decl":{"start":{"line":82,"column":15},"end":{"line":82,"column":16}},"loc":{"start":{"line":82,"column":20},"end":{"line":82,"column":43}}}},"branchMap":{"0":{"loc":{"start":{"line":15,"column":2},"end":{"line":20,"column":3}},"type":"if","locations":[{"start":{"line":15,"column":2},"end":{"line":20,"column":3}}]},"1":{"loc":{"start":{"line":17,"column":3},"end":{"line":19,"column":4}},"type":"if","locations":[{"start":{"line":17,"column":3},"end":{"line":19,"column":4}}]},"2":{"loc":{"start":{"line":43,"column":4},"end":{"line":43,"column":52}},"type":"cond-expr","locations":[{"start":{"line":43,"column":15},"end":{"line":43,"column":46}},{"start":{"line":43,"column":48},"end":{"line":43,"column":52}}]},"3":{"loc":{"start":{"line":63,"column":5},"end":{"line":74,"column":null}},"type":"cond-expr","locations":[{"start":{"line":64,"column":5},"end":{"line":72,"column":7}},{"start":{"line":74,"column":5},"end":{"line":74,"column":31}}]}},"s":{"0":1,"1":1,"2":1,"3":18,"4":18,"5":18,"6":5,"7":1,"8":1,"9":1,"10":18,"11":4,"12":4,"13":4,"14":4,"15":4,"16":18,"17":1,"18":1,"19":1,"20":1,"21":1,"22":18,"23":2,"24":2,"25":2,"26":2,"27":2,"28":18,"29":1,"30":1,"31":1,"32":1,"33":1,"34":18,"35":8,"36":4,"37":1},"f":{"0":18,"1":5,"2":4,"3":4,"4":1,"5":1,"6":1,"7":2,"8":2,"9":2,"10":1,"11":1,"12":1,"13":8,"14":4},"b":{"0":[1],"1":[1],"2":[2,0],"3":[7,11]}}
,"C:\\Users\\user\\Desktop\\todo-react\\src\\Todo.tsx": {"path":"C:\\Users\\user\\Desktop\\todo-react\\src\\Todo.tsx","statementMap":{"0":{"start":{"line":2,"column":0},"end":{"line":2,"column":33}},"1":{"start":{"line":11,"column":37},"end":{"line":40,"column":1}},"2":{"start":{"line":17,"column":14},"end":{"line":17,"column":25}},"3":{"start":{"line":18,"column":1},"end":{"line":39,"column":null}},"4":{"start":{"line":26,"column":20},"end":{"line":26,"column":37}},"5":{"start":{"line":32,"column":20},"end":{"line":32,"column":33}},"6":{"start":{"line":11,"column":13},"end":{"line":11,"column":37}}},"fnMap":{"0":{"name":"(anonymous_1)","decl":{"start":{"line":11,"column":37},"end":{"line":11,"column":38}},"loc":{"start":{"line":16,"column":5},"end":{"line":40,"column":1}}},"1":{"name":"(anonymous_2)","decl":{"start":{"line":26,"column":14},"end":{"line":26,"column":17}},"loc":{"start":{"line":26,"column":20},"end":{"line":26,"column":37}}},"2":{"name":"(anonymous_3)","decl":{"start":{"line":32,"column":14},"end":{"line":32,"column":17}},"loc":{"start":{"line":32,"column":20},"end":{"line":32,"column":33}}}},"branchMap":{"0":{"loc":{"start":{"line":21,"column":27},"end":{"line":21,"column":49}},"type":"cond-expr","locations":[{"start":{"line":21,"column":34},"end":{"line":21,"column":44}},{"start":{"line":21,"column":47},"end":{"line":21,"column":49}}]}},"s":{"0":1,"1":1,"2":8,"3":8,"4":2,"5":1,"6":1},"f":{"0":8,"1":2,"2":1},"b":{"0":[3,5]}}
,"C:\\Users\\user\\Desktop\\todo-react\\src\\main.tsx": {"path":"C:\\Users\\user\\Desktop\\todo-react\\src\\main.tsx","statementMap":{"0":{"start":{"line":1,"column":0},"end":{"line":1,"column":25}},"1":{"start":{"line":2,"column":0},"end":{"line":2,"column":39}},"2":{"start":{"line":3,"column":0},"end":{"line":3,"column":27}},"3":{"start":{"line":4,"column":0},"end":{"line":4,"column":20}},"4":{"start":{"line":6,"column":0},"end":{"line":10,"column":null}}},"fnMap":{},"branchMap":{},"s":{"0":0,"1":0,"2":0,"3":0,"4":0},"f":{},"b":{}}
,"C:\\Users\\user\\Desktop\\todo-react\\src\\vite-env.d.ts": {"path":"C:\\Users\\user\\Desktop\\todo-react\\src\\vite-env.d.ts","statementMap":{},"fnMap":{},"branchMap":{},"s":{},"f":{},"b":{}}
}
