{"C:\\Users\\user\\Desktop\\todo-react\\src\\App.tsx": {"path":"C:\\Users\\user\\Desktop\\todo-react\\src\\App.tsx","statementMap":{"0":{"start":{"line":1,"column":0},"end":{"line":1,"column":48}},"1":{"start":{"line":2,"column":0},"end":{"line":2,"column":43}},"2":{"start":{"line":3,"column":0},"end":{"line":3,"column":41}},"3":{"start":{"line":5,"column":29},"end":{"line":12,"column":1}},"4":{"start":{"line":6,"column":1},"end":{"line":11,"column":null}},"5":{"start":{"line":5,"column":13},"end":{"line":5,"column":29}},"6":{"start":{"line":14,"column":0},"end":{"line":14,"column":null}}},"fnMap":{"0":{"name":"(anonymous_1)","decl":{"start":{"line":5,"column":29},"end":{"line":5,"column":32}},"loc":{"start":{"line":5,"column":34},"end":{"line":12,"column":1}}}},"branchMap":{},"s":{"0":0,"1":0,"2":0,"3":0,"4":0,"5":0,"6":0},"f":{"0":0},"b":{}}
,"C:\\Users\\user\\Desktop\\todo-react\\src\\Todo.tsx": {"path":"C:\\Users\\user\\Desktop\\todo-react\\src\\Todo.tsx","statementMap":{"0":{"start":{"line":1,"column":0},"end":{"line":1,"column":33}},"1":{"start":{"line":2,"column":0},"end":{"line":2,"column":46}},"2":{"start":{"line":4,"column":0},"end":{"line":4,"column":68}},"3":{"start":{"line":11,"column":37},"end":{"line":34,"column":1}},"4":{"start":{"line":12,"column":18},"end":{"line":12,"column":34}},"5":{"start":{"line":13,"column":14},"end":{"line":13,"column":25}},"6":{"start":{"line":15,"column":1},"end":{"line":33,"column":null}},"7":{"start":{"line":20,"column":20},"end":{"line":20,"column":53}},"8":{"start":{"line":26,"column":20},"end":{"line":26,"column":49}},"9":{"start":{"line":11,"column":13},"end":{"line":11,"column":37}}},"fnMap":{"0":{"name":"(anonymous_1)","decl":{"start":{"line":11,"column":37},"end":{"line":11,"column":38}},"loc":{"start":{"line":11,"column":53},"end":{"line":34,"column":1}}},"1":{"name":"(anonymous_2)","decl":{"start":{"line":20,"column":14},"end":{"line":20,"column":17}},"loc":{"start":{"line":20,"column":20},"end":{"line":20,"column":53}}},"2":{"name":"(anonymous_3)","decl":{"start":{"line":26,"column":14},"end":{"line":26,"column":17}},"loc":{"start":{"line":26,"column":20},"end":{"line":26,"column":49}}}},"branchMap":{"0":{"loc":{"start":{"line":16,"column":31},"end":{"line":16,"column":53}},"type":"cond-expr","locations":[{"start":{"line":16,"column":38},"end":{"line":16,"column":48}},{"start":{"line":16,"column":51},"end":{"line":16,"column":53}}]}},"s":{"0":1,"1":1,"2":1,"3":1,"4":0,"5":0,"6":0,"7":0,"8":0,"9":1},"f":{"0":0,"1":0,"2":0},"b":{"0":[0,0]}}
,"C:\\Users\\user\\Desktop\\todo-react\\src\\main.tsx": {"path":"C:\\Users\\user\\Desktop\\todo-react\\src\\main.tsx","statementMap":{"0":{"start":{"line":1,"column":0},"end":{"line":1,"column":25}},"1":{"start":{"line":2,"column":0},"end":{"line":2,"column":39}},"2":{"start":{"line":3,"column":0},"end":{"line":3,"column":38}},"3":{"start":{"line":4,"column":0},"end":{"line":4,"column":48}},"4":{"start":{"line":5,"column":0},"end":{"line":5,"column":23}},"5":{"start":{"line":6,"column":0},"end":{"line":6,"column":20}},"6":{"start":{"line":7,"column":0},"end":{"line":7,"column":37}},"7":{"start":{"line":9,"column":0},"end":{"line":17,"column":null}}},"fnMap":{},"branchMap":{},"s":{"0":0,"1":0,"2":0,"3":0,"4":0,"5":0,"6":0,"7":0},"f":{},"b":{}}
,"C:\\Users\\user\\Desktop\\todo-react\\src\\vite-env.d.ts": {"path":"C:\\Users\\user\\Desktop\\todo-react\\src\\vite-env.d.ts","statementMap":{},"fnMap":{},"branchMap":{},"s":{},"f":{},"b":{}}
,"C:\\Users\\user\\Desktop\\todo-react\\src\\hooks\\redux.ts": {"path":"C:\\Users\\user\\Desktop\\todo-react\\src\\hooks\\redux.ts","statementMap":{"0":{"start":{"line":1,"column":0},"end":{"line":1,"column":76}},"1":{"start":{"line":4,"column":30},"end":{"line":4,"column":62}},"2":{"start":{"line":4,"column":36},"end":{"line":4,"column":62}},"3":{"start":{"line":4,"column":13},"end":{"line":4,"column":30}},"4":{"start":{"line":5,"column":13},"end":{"line":5,"column":null}}},"fnMap":{"0":{"name":"(anonymous_0)","decl":{"start":{"line":4,"column":30},"end":{"line":4,"column":33}},"loc":{"start":{"line":4,"column":36},"end":{"line":4,"column":62}}}},"branchMap":{},"s":{"0":1,"1":1,"2":0,"3":1,"4":1},"f":{"0":0},"b":{}}
,"C:\\Users\\user\\Desktop\\todo-react\\src\\pages\\HomePage.tsx": {"path":"C:\\Users\\user\\Desktop\\todo-react\\src\\pages\\HomePage.tsx","statementMap":{"0":{"start":{"line":1,"column":0},"end":{"line":1,"column":43}},"1":{"start":{"line":2,"column":0},"end":{"line":2,"column":46}},"2":{"start":{"line":3,"column":0},"end":{"line":3,"column":63}},"3":{"start":{"line":4,"column":0},"end":{"line":4,"column":null}},"4":{"start":{"line":10,"column":0},"end":{"line":10,"column":30}},"5":{"start":{"line":11,"column":0},"end":{"line":11,"column":36}},"6":{"start":{"line":13,"column":34},"end":{"line":122,"column":1}},"7":{"start":{"line":14,"column":18},"end":{"line":14,"column":31}},"8":{"start":{"line":15,"column":18},"end":{"line":15,"column":34}},"9":{"start":{"line":16,"column":15},"end":{"line":16,"column":57}},"10":{"start":{"line":16,"column":39},"end":{"line":16,"column":56}},"11":{"start":{"line":17,"column":19},"end":{"line":17,"column":65}},"12":{"start":{"line":17,"column":43},"end":{"line":17,"column":64}},"13":{"start":{"line":19,"column":25},"end":{"line":19,"column":37}},"14":{"start":{"line":21,"column":1},"end":{"line":25,"column":null}},"15":{"start":{"line":22,"column":2},"end":{"line":24,"column":3}},"16":{"start":{"line":23,"column":3},"end":{"line":23,"column":null}},"17":{"start":{"line":27,"column":20},"end":{"line":32,"column":2}},"18":{"start":{"line":28,"column":2},"end":{"line":31,"column":3}},"19":{"start":{"line":29,"column":3},"end":{"line":29,"column":null}},"20":{"start":{"line":30,"column":3},"end":{"line":30,"column":null}},"21":{"start":{"line":34,"column":22},"end":{"line":37,"column":2}},"22":{"start":{"line":35,"column":2},"end":{"line":35,"column":null}},"23":{"start":{"line":36,"column":2},"end":{"line":36,"column":null}},"24":{"start":{"line":39,"column":23},"end":{"line":51,"column":3}},"25":{"start":{"line":40,"column":2},"end":{"line":50,"column":3}},"26":{"start":{"line":42,"column":4},"end":{"line":42,"column":null}},"27":{"start":{"line":44,"column":4},"end":{"line":44,"column":null}},"28":{"start":{"line":46,"column":4},"end":{"line":46,"column":null}},"29":{"start":{"line":49,"column":4},"end":{"line":49,"column":null}},"30":{"start":{"line":53,"column":1},"end":{"line":121,"column":null}},"31":{"start":{"line":59,"column":20},"end":{"line":59,"column":53}},"32":{"start":{"line":62,"column":41},"end":{"line":62,"column":66}},"33":{"start":{"line":65,"column":20},"end":{"line":65,"column":49}},"34":{"start":{"line":68,"column":37},"end":{"line":68,"column":48}},"35":{"start":{"line":71,"column":20},"end":{"line":71,"column":50}},"36":{"start":{"line":75,"column":27},"end":{"line":75,"column":51}},"37":{"start":{"line":78,"column":20},"end":{"line":78,"column":51}},"38":{"start":{"line":81,"column":36},"end":{"line":81,"column":46}},"39":{"start":{"line":87,"column":36},"end":{"line":87,"column":50}},"40":{"start":{"line":97,"column":20},"end":{"line":97,"column":43}},"41":{"start":{"line":112,"column":20},"end":{"line":112,"column":47}},"42":{"start":{"line":116,"column":27},"end":{"line":116,"column":49}},"43":{"start":{"line":13,"column":13},"end":{"line":13,"column":34}}},"fnMap":{"0":{"name":"(anonymous_1)","decl":{"start":{"line":13,"column":34},"end":{"line":13,"column":37}},"loc":{"start":{"line":13,"column":39},"end":{"line":122,"column":1}}},"1":{"name":"(anonymous_2)","decl":{"start":{"line":16,"column":30},"end":{"line":16,"column":35}},"loc":{"start":{"line":16,"column":39},"end":{"line":16,"column":56}}},"2":{"name":"(anonymous_3)","decl":{"start":{"line":17,"column":34},"end":{"line":17,"column":39}},"loc":{"start":{"line":17,"column":43},"end":{"line":17,"column":64}}},"3":{"name":"(anonymous_4)","decl":{"start":{"line":21,"column":11},"end":{"line":21,"column":14}},"loc":{"start":{"line":21,"column":16},"end":{"line":25,"column":2}}},"4":{"name":"(anonymous_5)","decl":{"start":{"line":27,"column":20},"end":{"line":27,"column":23}},"loc":{"start":{"line":27,"column":25},"end":{"line":32,"column":2}}},"5":{"name":"(anonymous_6)","decl":{"start":{"line":34,"column":22},"end":{"line":34,"column":25}},"loc":{"start":{"line":34,"column":27},"end":{"line":37,"column":2}}},"6":{"name":"(anonymous_7)","decl":{"start":{"line":39,"column":36},"end":{"line":39,"column":40}},"loc":{"start":{"line":39,"column":43},"end":{"line":51,"column":2}}},"7":{"name":"(anonymous_8)","decl":{"start":{"line":59,"column":14},"end":{"line":59,"column":17}},"loc":{"start":{"line":59,"column":20},"end":{"line":59,"column":53}}},"8":{"name":"(anonymous_9)","decl":{"start":{"line":62,"column":33},"end":{"line":62,"column":37}},"loc":{"start":{"line":62,"column":41},"end":{"line":62,"column":66}}},"9":{"name":"(anonymous_10)","decl":{"start":{"line":65,"column":14},"end":{"line":65,"column":17}},"loc":{"start":{"line":65,"column":20},"end":{"line":65,"column":49}}},"10":{"name":"(anonymous_11)","decl":{"start":{"line":68,"column":29},"end":{"line":68,"column":33}},"loc":{"start":{"line":68,"column":37},"end":{"line":68,"column":48}}},"11":{"name":"(anonymous_12)","decl":{"start":{"line":71,"column":14},"end":{"line":71,"column":17}},"loc":{"start":{"line":71,"column":20},"end":{"line":71,"column":50}}},"12":{"name":"(anonymous_13)","decl":{"start":{"line":75,"column":19},"end":{"line":75,"column":23}},"loc":{"start":{"line":75,"column":27},"end":{"line":75,"column":51}}},"13":{"name":"(anonymous_14)","decl":{"start":{"line":78,"column":14},"end":{"line":78,"column":17}},"loc":{"start":{"line":78,"column":20},"end":{"line":78,"column":51}}},"14":{"name":"(anonymous_15)","decl":{"start":{"line":81,"column":28},"end":{"line":81,"column":32}},"loc":{"start":{"line":81,"column":36},"end":{"line":81,"column":46}}},"15":{"name":"(anonymous_16)","decl":{"start":{"line":87,"column":23},"end":{"line":87,"column":24}},"loc":{"start":{"line":87,"column":36},"end":{"line":87,"column":50}}},"16":{"name":"(anonymous_17)","decl":{"start":{"line":97,"column":15},"end":{"line":97,"column":16}},"loc":{"start":{"line":97,"column":20},"end":{"line":97,"column":43}}},"17":{"name":"(anonymous_18)","decl":{"start":{"line":112,"column":14},"end":{"line":112,"column":17}},"loc":{"start":{"line":112,"column":20},"end":{"line":112,"column":47}}},"18":{"name":"(anonymous_19)","decl":{"start":{"line":116,"column":21},"end":{"line":116,"column":24}},"loc":{"start":{"line":116,"column":27},"end":{"line":116,"column":49}}}},"branchMap":{"0":{"loc":{"start":{"line":22,"column":2},"end":{"line":24,"column":3}},"type":"if","locations":[{"start":{"line":22,"column":2},"end":{"line":24,"column":3}}]},"1":{"loc":{"start":{"line":28,"column":2},"end":{"line":31,"column":3}},"type":"if","locations":[{"start":{"line":28,"column":2},"end":{"line":31,"column":3}}]},"2":{"loc":{"start":{"line":40,"column":2},"end":{"line":50,"column":3}},"type":"switch","locations":[{"start":{"line":41,"column":3},"end":{"line":42,"column":null}},{"start":{"line":43,"column":3},"end":{"line":44,"column":null}},{"start":{"line":45,"column":3},"end":{"line":46,"column":null}},{"start":{"line":47,"column":3},"end":{"line":47,"column":14}},{"start":{"line":48,"column":3},"end":{"line":49,"column":null}}]},"3":{"loc":{"start":{"line":42,"column":11},"end":{"line":42,"column":36}},"type":"binary-expr","locations":[{"start":{"line":42,"column":11},"end":{"line":42,"column":21}},{"start":{"line":42,"column":25},"end":{"line":42,"column":36}}]},"4":{"loc":{"start":{"line":44,"column":11},"end":{"line":44,"column":35}},"type":"binary-expr","locations":[{"start":{"line":44,"column":11},"end":{"line":44,"column":20}},{"start":{"line":44,"column":24},"end":{"line":44,"column":35}}]},"5":{"loc":{"start":{"line":60,"column":16},"end":{"line":60,"column":55}},"type":"cond-expr","locations":[{"start":{"line":60,"column":42},"end":{"line":60,"column":50}},{"start":{"line":60,"column":53},"end":{"line":60,"column":55}}]},"6":{"loc":{"start":{"line":62,"column":41},"end":{"line":62,"column":66}},"type":"binary-expr","locations":[{"start":{"line":62,"column":41},"end":{"line":62,"column":51}},{"start":{"line":62,"column":55},"end":{"line":62,"column":66}}]},"7":{"loc":{"start":{"line":66,"column":16},"end":{"line":66,"column":51}},"type":"cond-expr","locations":[{"start":{"line":66,"column":38},"end":{"line":66,"column":46}},{"start":{"line":66,"column":49},"end":{"line":66,"column":51}}]},"8":{"loc":{"start":{"line":72,"column":16},"end":{"line":72,"column":52}},"type":"cond-expr","locations":[{"start":{"line":72,"column":39},"end":{"line":72,"column":47}},{"start":{"line":72,"column":50},"end":{"line":72,"column":52}}]},"9":{"loc":{"start":{"line":75,"column":27},"end":{"line":75,"column":51}},"type":"binary-expr","locations":[{"start":{"line":75,"column":27},"end":{"line":75,"column":36}},{"start":{"line":75,"column":40},"end":{"line":75,"column":51}}]},"10":{"loc":{"start":{"line":79,"column":16},"end":{"line":79,"column":53}},"type":"cond-expr","locations":[{"start":{"line":79,"column":40},"end":{"line":79,"column":48}},{"start":{"line":79,"column":51},"end":{"line":79,"column":53}}]},"11":{"loc":{"start":{"line":86,"column":5},"end":{"line":89,"column":null}},"type":"cond-expr","locations":[{"start":{"line":87,"column":5},"end":{"line":87,"column":71}},{"start":{"line":89,"column":5},"end":{"line":89,"column":31}}]}},"s":{"0":1,"1":1,"2":1,"3":1,"4":1,"5":1,"6":1,"7":17,"8":0,"9":0,"10":0,"11":0,"12":0,"13":0,"14":0,"15":0,"16":0,"17":0,"18":0,"19":0,"20":0,"21":0,"22":0,"23":0,"24":0,"25":0,"26":0,"27":0,"28":0,"29":0,"30":0,"31":0,"32":0,"33":0,"34":0,"35":0,"36":0,"37":0,"38":0,"39":0,"40":0,"41":0,"42":0,"43":1},"f":{"0":17,"1":0,"2":0,"3":0,"4":0,"5":0,"6":0,"7":0,"8":0,"9":0,"10":0,"11":0,"12":0,"13":0,"14":0,"15":0,"16":0,"17":0,"18":0},"b":{"0":[0],"1":[0],"2":[0,0,0,0,0],"3":[0,0],"4":[0,0],"5":[0,0],"6":[0,0],"7":[0,0],"8":[0,0],"9":[0,0],"10":[0,0],"11":[0,0]}}
,"C:\\Users\\user\\Desktop\\todo-react\\src\\pages\\LoginPage.tsx": {"path":"C:\\Users\\user\\Desktop\\todo-react\\src\\pages\\LoginPage.tsx","statementMap":{"0":{"start":{"line":1,"column":0},"end":{"line":1,"column":32}},"1":{"start":{"line":2,"column":0},"end":{"line":2,"column":46}},"2":{"start":{"line":3,"column":0},"end":{"line":3,"column":36}},"3":{"start":{"line":5,"column":28},"end":{"line":43,"column":1}},"4":{"start":{"line":6,"column":33},"end":{"line":6,"column":45}},"5":{"start":{"line":7,"column":33},"end":{"line":7,"column":45}},"6":{"start":{"line":8,"column":18},"end":{"line":8,"column":31}},"7":{"start":{"line":10,"column":21},"end":{"line":17,"column":2}},"8":{"start":{"line":11,"column":2},"end":{"line":16,"column":3}},"9":{"start":{"line":12,"column":3},"end":{"line":12,"column":null}},"10":{"start":{"line":13,"column":3},"end":{"line":13,"column":null}},"11":{"start":{"line":15,"column":3},"end":{"line":15,"column":null}},"12":{"start":{"line":19,"column":1},"end":{"line":42,"column":null}},"13":{"start":{"line":29,"column":19},"end":{"line":29,"column":46}},"14":{"start":{"line":36,"column":19},"end":{"line":36,"column":46}},"15":{"start":{"line":45,"column":0},"end":{"line":45,"column":null}}},"fnMap":{"0":{"name":"(anonymous_1)","decl":{"start":{"line":5,"column":28},"end":{"line":5,"column":31}},"loc":{"start":{"line":5,"column":33},"end":{"line":43,"column":1}}},"1":{"name":"(anonymous_2)","decl":{"start":{"line":10,"column":21},"end":{"line":10,"column":24}},"loc":{"start":{"line":10,"column":26},"end":{"line":17,"column":2}}},"2":{"name":"(anonymous_3)","decl":{"start":{"line":29,"column":14},"end":{"line":29,"column":15}},"loc":{"start":{"line":29,"column":19},"end":{"line":29,"column":46}}},"3":{"name":"(anonymous_4)","decl":{"start":{"line":36,"column":14},"end":{"line":36,"column":15}},"loc":{"start":{"line":36,"column":19},"end":{"line":36,"column":46}}}},"branchMap":{"0":{"loc":{"start":{"line":11,"column":2},"end":{"line":16,"column":3}},"type":"if","locations":[{"start":{"line":11,"column":2},"end":{"line":16,"column":3}},{"start":{"line":14,"column":9},"end":{"line":16,"column":3}}]},"1":{"loc":{"start":{"line":11,"column":6},"end":{"line":11,"column":50}},"type":"binary-expr","locations":[{"start":{"line":11,"column":6},"end":{"line":11,"column":26}},{"start":{"line":11,"column":30},"end":{"line":11,"column":50}}]}},"s":{"0":0,"1":0,"2":0,"3":0,"4":0,"5":0,"6":0,"7":0,"8":0,"9":0,"10":0,"11":0,"12":0,"13":0,"14":0,"15":0},"f":{"0":0,"1":0,"2":0,"3":0},"b":{"0":[0,0],"1":[0,0]}}
,"C:\\Users\\user\\Desktop\\todo-react\\src\\store\\store.ts": {"path":"C:\\Users\\user\\Desktop\\todo-react\\src\\store\\store.ts","statementMap":{"0":{"start":{"line":1,"column":0},"end":{"line":1,"column":49}},"1":{"start":{"line":2,"column":0},"end":{"line":2,"column":47}},"2":{"start":{"line":4,"column":13},"end":{"line":8,"column":null}}},"fnMap":{},"branchMap":{},"s":{"0":0,"1":0,"2":0},"f":{},"b":{}}
,"C:\\Users\\user\\Desktop\\todo-react\\src\\store\\todos\\todoSlice.ts": {"path":"C:\\Users\\user\\Desktop\\todo-react\\src\\store\\todos\\todoSlice.ts","statementMap":{"0":{"start":{"line":1,"column":0},"end":{"line":1,"column":61}},"1":{"start":{"line":11,"column":32},"end":{"line":14,"column":null}},"2":{"start":{"line":16,"column":18},"end":{"line":54,"column":2}},"3":{"start":{"line":21,"column":26},"end":{"line":26,"column":null}},"4":{"start":{"line":27,"column":3},"end":{"line":27,"column":null}},"5":{"start":{"line":28,"column":3},"end":{"line":28,"column":null}},"6":{"start":{"line":31,"column":3},"end":{"line":33,"column":null}},"7":{"start":{"line":32,"column":4},"end":{"line":32,"column":64}},"8":{"start":{"line":34,"column":3},"end":{"line":34,"column":null}},"9":{"start":{"line":37,"column":3},"end":{"line":37,"column":null}},"10":{"start":{"line":37,"column":44},"end":{"line":37,"column":55}},"11":{"start":{"line":38,"column":3},"end":{"line":38,"column":null}},"12":{"start":{"line":41,"column":3},"end":{"line":43,"column":null}},"13":{"start":{"line":42,"column":4},"end":{"line":42,"column":69}},"14":{"start":{"line":44,"column":3},"end":{"line":44,"column":null}},"15":{"start":{"line":47,"column":3},"end":{"line":47,"column":null}},"16":{"start":{"line":47,"column":44},"end":{"line":47,"column":54}},"17":{"start":{"line":48,"column":3},"end":{"line":48,"column":null}},"18":{"start":{"line":51,"column":3},"end":{"line":51,"column":null}},"19":{"start":{"line":56,"column":13},"end":{"line":62,"column":null}},"20":{"start":{"line":64,"column":13},"end":{"line":64,"column":null}}},"fnMap":{"0":{"name":"(anonymous_0)","decl":{"start":{"line":20,"column":11},"end":{"line":20,"column":12}},"loc":{"start":{"line":20,"column":52},"end":{"line":29,"column":3}}},"1":{"name":"(anonymous_1)","decl":{"start":{"line":30,"column":14},"end":{"line":30,"column":15}},"loc":{"start":{"line":30,"column":55},"end":{"line":35,"column":3}}},"2":{"name":"(anonymous_2)","decl":{"start":{"line":31,"column":33},"end":{"line":31,"column":37}},"loc":{"start":{"line":32,"column":4},"end":{"line":32,"column":64}}},"3":{"name":"(anonymous_3)","decl":{"start":{"line":36,"column":14},"end":{"line":36,"column":19}},"loc":{"start":{"line":36,"column":22},"end":{"line":39,"column":3}}},"4":{"name":"(anonymous_4)","decl":{"start":{"line":37,"column":36},"end":{"line":37,"column":40}},"loc":{"start":{"line":37,"column":44},"end":{"line":37,"column":55}}},"5":{"name":"(anonymous_5)","decl":{"start":{"line":40,"column":18},"end":{"line":40,"column":19}},"loc":{"start":{"line":40,"column":59},"end":{"line":45,"column":3}}},"6":{"name":"(anonymous_6)","decl":{"start":{"line":41,"column":33},"end":{"line":41,"column":37}},"loc":{"start":{"line":42,"column":4},"end":{"line":42,"column":69}}},"7":{"name":"(anonymous_7)","decl":{"start":{"line":46,"column":19},"end":{"line":46,"column":24}},"loc":{"start":{"line":46,"column":27},"end":{"line":49,"column":3}}},"8":{"name":"(anonymous_8)","decl":{"start":{"line":47,"column":36},"end":{"line":47,"column":40}},"loc":{"start":{"line":47,"column":44},"end":{"line":47,"column":54}}},"9":{"name":"(anonymous_9)","decl":{"start":{"line":50,"column":16},"end":{"line":50,"column":17}},"loc":{"start":{"line":50,"column":64},"end":{"line":52,"column":3}}}},"branchMap":{"0":{"loc":{"start":{"line":13,"column":19},"end":{"line":13,"column":56}},"type":"binary-expr","locations":[{"start":{"line":13,"column":19},"end":{"line":13,"column":48}},{"start":{"line":13,"column":52},"end":{"line":13,"column":56}}]},"1":{"loc":{"start":{"line":32,"column":4},"end":{"line":32,"column":64}},"type":"cond-expr","locations":[{"start":{"line":32,"column":32},"end":{"line":32,"column":58}},{"start":{"line":32,"column":60},"end":{"line":32,"column":64}}]},"2":{"loc":{"start":{"line":42,"column":4},"end":{"line":42,"column":69}},"type":"cond-expr","locations":[{"start":{"line":42,"column":32},"end":{"line":42,"column":63}},{"start":{"line":42,"column":65},"end":{"line":42,"column":69}}]}},"s":{"0":1,"1":1,"2":1,"3":0,"4":0,"5":0,"6":0,"7":0,"8":0,"9":0,"10":0,"11":0,"12":0,"13":0,"14":0,"15":0,"16":0,"17":0,"18":0,"19":1,"20":1},"f":{"0":0,"1":0,"2":0,"3":0,"4":0,"5":0,"6":0,"7":0,"8":0,"9":0},"b":{"0":[1,1],"1":[0,0],"2":[0,0]}}
}
