TN:
SF:src\App.tsx
FN:10,App
FN:14,(anonymous_2)
FN:23,(anonymous_3)
FN:24,(anonymous_4)
FN:32,(anonymous_5)
FN:33,(anonymous_6)
FN:34,(anonymous_7)
FN:40,(anonymous_8)
FN:41,(anonymous_9)
FN:42,(anonymous_10)
FN:50,(anonymous_11)
FN:51,(anonymous_12)
FN:52,(anonymous_13)
FN:64,(anonymous_14)
FN:82,(anonymous_15)
FNF:15
FNH:15
FNDA:18,App
FNDA:5,(anonymous_2)
FNDA:4,(anonymous_3)
FNDA:4,(anonymous_4)
FNDA:1,(anonymous_5)
FNDA:1,(anonymous_6)
FNDA:1,(anonymous_7)
FNDA:2,(anonymous_8)
FNDA:2,(anonymous_9)
FNDA:2,(anonymous_10)
FNDA:1,(anonymous_11)
FNDA:1,(anonymous_12)
FNDA:1,(anonymous_13)
FNDA:8,(anonymous_14)
FNDA:4,(anonymous_15)
DA:1,1
DA:2,1
DA:3,1
DA:11,18
DA:12,18
DA:14,18
DA:15,5
DA:16,1
DA:17,1
DA:18,1
DA:23,18
DA:24,4
DA:25,4
DA:26,4
DA:27,4
DA:29,4
DA:32,18
DA:33,1
DA:34,1
DA:35,1
DA:36,1
DA:40,18
DA:41,2
DA:42,2
DA:43,2
DA:45,2
DA:46,2
DA:50,18
DA:51,1
DA:52,1
DA:53,1
DA:54,1
DA:58,18
DA:65,8
DA:82,4
DA:101,1
LF:36
LH:36
BRDA:15,0,0,1
BRDA:17,1,0,1
BRDA:43,2,0,2
BRDA:43,2,1,0
BRDA:63,3,0,7
BRDA:63,3,1,11
BRF:6
BRH:5
end_of_record
TN:
SF:src\Todo.tsx
FN:11,(anonymous_1)
FN:26,(anonymous_2)
FN:32,(anonymous_3)
FNF:3
FNH:3
FNDA:8,(anonymous_1)
FNDA:2,(anonymous_2)
FNDA:1,(anonymous_3)
DA:2,1
DA:11,1
DA:17,8
DA:18,8
DA:26,2
DA:32,1
LF:6
LH:6
BRDA:21,0,0,3
BRDA:21,0,1,5
BRF:2
BRH:2
end_of_record
TN:
SF:src\main.tsx
FNF:0
FNH:0
DA:1,0
DA:2,0
DA:3,0
DA:4,0
DA:6,0
LF:5
LH:0
BRF:0
BRH:0
end_of_record
TN:
SF:src\vite-env.d.ts
FNF:0
FNH:0
LF:0
LH:0
BRF:0
BRH:0
end_of_record
